
Entered username: yegudin@gmail.com
Entered password
Clicked ('xpath', '/html/body/div[1]/div[1]/div[3]/div/div/div/form/div/button/div') button
Clicked ('css selector', '#root > div.page-wrapper.mantine-wq3d3d > div.open.mantine-yg7z42 > div > div:nth-child(2) > div.sidebar-nav > div:nth-child(2) > div:nth-child(2) > div > a') button
Clicked ('css selector', '#cell-cell_0_model > div > div > a') button
Clicked ('xpath', '/html/body/div[1]/div[1]/div[2]/div[2]/div/div/div/div/div[1]/div[1]/div/div/div[4]/button') button
Clicked ('xpath', '/html/body/div[1]/div[1]/div[2]/div[2]/div/div/div/div/div[5]/div/div[2]/div[1]/div/div[2]/button') button
Entered username: yegudin@gmail.com
Entered password
Clicked ('xpath', '/html/body/div[1]/div[1]/div[3]/div/div/div/form/div/button/div') button
Clicked ('css selector', '#root > div.page-wrapper.mantine-wq3d3d > div.open.mantine-yg7z42 > div > div:nth-child(2) > div.sidebar-nav > div:nth-child(2) > div:nth-child(2) > div > a') button
Clicked ('css selector', '#cell-cell_0_model > div > div > a') button
Clicked ('xpath', '/html/body/div[1]/div[1]/div[2]/div[2]/div/div/div/div/div[1]/div[1]/div/div/div[4]/button') button
Clicked ('xpath', '/html/body/div[1]/div[1]/div[2]/div[2]/div/div/div/div/div[5]/div/div[2]/div[1]/div/div[2]/button') button
Entered username: yegudin@gmail.com
Entered password
Clicked ('xpath', '/html/body/div[1]/div[1]/div[3]/div/div/div/form/div/button/div') button
Clicked ('css selector', '#root > div.page-wrapper.mantine-wq3d3d > div.open.mantine-yg7z42 > div > div:nth-child(2) > div.sidebar-nav > div:nth-child(2) > div:nth-child(2) > div > a') button
Clicked ('css selector', '#cell-cell_0_model > div > div > a') button
Clicked ('xpath', '/html/body/div[1]/div[1]/div[2]/div[2]/div/div/div/div/div[1]/div[1]/div/div/div[4]/button') button
Clicked ('xpath', '/html/body/div[1]/div[1]/div[2]/div[2]/div/div/div/div/div[5]/div/div[2]/div[1]/div/div[2]/button') button
Entered the follow test
Entered the follow air condition
Entered the follow cool
Clicked ('xpath', '/html/body/div[23]/div/div/div[2]/div/div[2]/div[2]/button[2]/div/span') button
Entered the follow cool
Entered username: yegudin@gmail.com
Entered password
Clicked ('xpath', '/html/body/div[1]/div[1]/div[3]/div/div/div/form/div/button/div') button
Clicked ('css selector', '#root > div.page-wrapper.mantine-wq3d3d > div.open.mantine-yg7z42 > div > div:nth-child(2) > div.sidebar-nav > div:nth-child(2) > div:nth-child(2) > div > a') button
Clicked ('css selector', '#cell-cell_0_model > div > div > a') button
Clicked ('xpath', '/html/body/div[1]/div[1]/div[2]/div[2]/div/div/div/div/div[1]/div[1]/div/div/div[4]/button') button
Clicked ('xpath', '/html/body/div[1]/div[1]/div[2]/div[2]/div/div/div/div/div[5]/div/div[2]/div[1]/div/div[2]/button') button
